<?xml version="1.0" encoding="UTF-8"?>
<!-- Generated by org.testng.reporters.JUnitXMLReporter -->
<testsuite ignored="0" hostname="RP" failures="0" tests="11" name="Default test" time="15.057" errors="0" timestamp="2024-03-26T12:06:31 IST">
  <testcase classname="tests.E2e" name="login" time="2.906"/>
  <testcase classname="tests.E2e" name="viewProducts" time="2.341"/>
  <testcase classname="tests.E2e" name="addToCart" time="1.088"/>
  <testcase classname="tests.E2e" name="updateCart" time="1.049"/>
  <testcase classname="tests.E2e" name="getCart" time="1.047"/>
  <testcase classname="tests.E2e" name="addAddress" time="1.097"/>
  <testcase classname="tests.E2e" name="PlaceOrder" time="1.078"/>
  <testcase classname="tests.E2e" name="updateOrder" time="1.108"/>
  <testcase classname="tests.E2e" name="addReview" time="1.14"/>
  <testcase classname="tests.E2e" name="updateReview" time="1.095"/>
  <testcase classname="tests.E2e" name="deleteReview" time="1.046"/>
</testsuite> <!-- Default test -->
