<?xml version="1.0" encoding="UTF-8"?>
<testng-results ignored="0" total="11" passed="11" failed="0" skipped="0">
  <reporter-output>
    <line>
      <![CDATA[
 logged in]]>
    </line>
  </reporter-output>
  <suite started-at="2024-03-26T12:06:16 IST" name="Default suite" finished-at="2024-03-26T12:06:31 IST" duration-ms="15057">
    <groups>
    </groups>
    <test started-at="2024-03-26T12:06:16 IST" name="Default test" finished-at="2024-03-26T12:06:31 IST" duration-ms="15057">
      <class name="tests.E2e">
        <test-method signature="login()[pri:1, instance:tests.E2e@1af2d44a]" started-at="2024-03-26T12:06:16 IST" name="login" finished-at="2024-03-26T12:06:19 IST" duration-ms="2906" status="PASS">
          <reporter-output>
            <line>
              <![CDATA[
 logged in]]>
            </line>
          </reporter-output>
        </test-method> <!-- login -->
        <test-method signature="viewProducts()[pri:2, instance:tests.E2e@1af2d44a]" started-at="2024-03-26T12:06:19 IST" name="viewProducts" finished-at="2024-03-26T12:06:22 IST" duration-ms="2341" status="PASS">
          <reporter-output>
          </reporter-output>
        </test-method> <!-- viewProducts -->
        <test-method signature="addToCart()[pri:3, instance:tests.E2e@1af2d44a]" started-at="2024-03-26T12:06:22 IST" name="addToCart" finished-at="2024-03-26T12:06:23 IST" duration-ms="1088" status="PASS">
          <reporter-output>
          </reporter-output>
        </test-method> <!-- addToCart -->
        <test-method signature="updateCart()[pri:4, instance:tests.E2e@1af2d44a]" started-at="2024-03-26T12:06:23 IST" name="updateCart" finished-at="2024-03-26T12:06:24 IST" duration-ms="1049" status="PASS">
          <reporter-output>
          </reporter-output>
        </test-method> <!-- updateCart -->
        <test-method signature="getCart()[pri:5, instance:tests.E2e@1af2d44a]" started-at="2024-03-26T12:06:24 IST" name="getCart" finished-at="2024-03-26T12:06:25 IST" duration-ms="1047" status="PASS">
          <reporter-output>
          </reporter-output>
        </test-method> <!-- getCart -->
        <test-method signature="addAddress()[pri:6, instance:tests.E2e@1af2d44a]" started-at="2024-03-26T12:06:25 IST" name="addAddress" finished-at="2024-03-26T12:06:26 IST" duration-ms="1097" status="PASS">
          <reporter-output>
          </reporter-output>
        </test-method> <!-- addAddress -->
        <test-method signature="PlaceOrder()[pri:7, instance:tests.E2e@1af2d44a]" started-at="2024-03-26T12:06:26 IST" name="PlaceOrder" finished-at="2024-03-26T12:06:27 IST" duration-ms="1078" status="PASS">
          <reporter-output>
          </reporter-output>
        </test-method> <!-- PlaceOrder -->
        <test-method signature="updateOrder()[pri:8, instance:tests.E2e@1af2d44a]" started-at="2024-03-26T12:06:27 IST" name="updateOrder" finished-at="2024-03-26T12:06:28 IST" duration-ms="1108" status="PASS">
          <reporter-output>
          </reporter-output>
        </test-method> <!-- updateOrder -->
        <test-method signature="addReview()[pri:9, instance:tests.E2e@1af2d44a]" started-at="2024-03-26T12:06:28 IST" name="addReview" finished-at="2024-03-26T12:06:29 IST" duration-ms="1140" status="PASS">
          <reporter-output>
          </reporter-output>
        </test-method> <!-- addReview -->
        <test-method signature="updateReview()[pri:10, instance:tests.E2e@1af2d44a]" started-at="2024-03-26T12:06:29 IST" name="updateReview" finished-at="2024-03-26T12:06:30 IST" duration-ms="1095" status="PASS">
          <reporter-output>
          </reporter-output>
        </test-method> <!-- updateReview -->
        <test-method signature="deleteReview()[pri:12, instance:tests.E2e@1af2d44a]" started-at="2024-03-26T12:06:30 IST" name="deleteReview" finished-at="2024-03-26T12:06:31 IST" duration-ms="1046" status="PASS">
          <reporter-output>
          </reporter-output>
        </test-method> <!-- deleteReview -->
      </class> <!-- tests.E2e -->
    </test> <!-- Default test -->
  </suite> <!-- Default suite -->
</testng-results>
